<?xml version="1.0" encoding="UTF-8"?>
<coverage generated="1719171615912" clover="3.2.0">
  <project timestamp="1719171615913" name="All files">
    <metrics statements="70" coveredstatements="40" conditionals="19" coveredconditionals="9" methods="20" coveredmethods="13" elements="109" coveredelements="62" complexity="0" loc="70" ncloc="70" packages="5" files="9" classes="9"/>
    <package name="src">
      <metrics statements="49" coveredstatements="19" conditionals="12" coveredconditionals="4" methods="9" coveredmethods="2"/>
      <file name="App.js" path="C:\Users\ivano\Documents\GitHub\dist\Tech_Task_MovieSearchApp\movie_search_app_react\src\App.js">
        <metrics statements="30" coveredstatements="17" conditionals="8" coveredconditionals="4" methods="6" coveredmethods="2"/>
        <line num="13" count="1" type="stmt"/>
        <line num="14" count="5" type="stmt"/>
        <line num="15" count="5" type="stmt"/>
        <line num="16" count="5" type="stmt"/>
        <line num="17" count="5" type="stmt"/>
        <line num="19" count="5" type="stmt"/>
        <line num="20" count="1" type="stmt"/>
        <line num="21" count="1" type="stmt"/>
        <line num="22" count="1" type="stmt"/>
        <line num="23" count="1" type="stmt"/>
        <line num="24" count="1" type="cond" truecount="1" falsecount="1"/>
        <line num="25" count="0" type="stmt"/>
        <line num="27" count="0" type="stmt"/>
        <line num="28" count="0" type="cond" truecount="0" falsecount="2"/>
        <line num="29" count="0" type="stmt"/>
        <line num="32" count="1" type="stmt"/>
        <line num="33" count="1" type="stmt"/>
        <line num="37" count="5" type="stmt"/>
        <line num="38" count="0" type="stmt"/>
        <line num="39" count="0" type="stmt"/>
        <line num="40" count="0" type="stmt"/>
        <line num="41" count="0" type="stmt"/>
        <line num="42" count="0" type="stmt"/>
        <line num="44" count="0" type="stmt"/>
        <line num="45" count="0" type="stmt"/>
        <line num="49" count="5" type="stmt"/>
        <line num="50" count="0" type="stmt"/>
        <line num="53" count="5" type="stmt"/>
        <line num="54" count="0" type="stmt"/>
        <line num="57" count="5" type="stmt"/>
      </file>
      <file name="axiosInstance.js" path="C:\Users\ivano\Documents\GitHub\dist\Tech_Task_MovieSearchApp\movie_search_app_react\src\axiosInstance.js">
        <metrics statements="6" coveredstatements="2" conditionals="0" coveredconditionals="0" methods="1" coveredmethods="0"/>
        <line num="3" count="1" type="stmt"/>
        <line num="8" count="1" type="stmt"/>
        <line num="9" count="0" type="stmt"/>
        <line num="10" count="0" type="stmt"/>
        <line num="11" count="0" type="stmt"/>
        <line num="12" count="0" type="stmt"/>
      </file>
      <file name="index.js" path="C:\Users\ivano\Documents\GitHub\dist\Tech_Task_MovieSearchApp\movie_search_app_react\src\index.js">
        <metrics statements="4" coveredstatements="0" conditionals="0" coveredconditionals="0" methods="0" coveredmethods="0"/>
        <line num="6" count="0" type="stmt"/>
        <line num="7" count="0" type="stmt"/>
        <line num="9" count="0" type="stmt"/>
        <line num="15" count="0" type="stmt"/>
      </file>
      <file name="reportWebVitals.js" path="C:\Users\ivano\Documents\GitHub\dist\Tech_Task_MovieSearchApp\movie_search_app_react\src\reportWebVitals.js">
        <metrics statements="8" coveredstatements="0" conditionals="4" coveredconditionals="0" methods="2" coveredmethods="0"/>
        <line num="1" count="0" type="stmt"/>
        <line num="2" count="0" type="cond" truecount="0" falsecount="4"/>
        <line num="3" count="0" type="stmt"/>
        <line num="4" count="0" type="stmt"/>
        <line num="5" count="0" type="stmt"/>
        <line num="6" count="0" type="stmt"/>
        <line num="7" count="0" type="stmt"/>
        <line num="8" count="0" type="stmt"/>
      </file>
      <file name="setupTests.js" path="C:\Users\ivano\Documents\GitHub\dist\Tech_Task_MovieSearchApp\movie_search_app_react\src\setupTests.js">
        <metrics statements="1" coveredstatements="0" conditionals="0" coveredconditionals="0" methods="0" coveredmethods="0"/>
        <line num="4" count="0" type="stmt"/>
      </file>
    </package>
    <package name="src.components.LatestSearches">
      <metrics statements="3" coveredstatements="3" conditionals="0" coveredconditionals="0" methods="3" coveredmethods="3"/>
      <file name="LatestSearches.js" path="C:\Users\ivano\Documents\GitHub\dist\Tech_Task_MovieSearchApp\movie_search_app_react\src\components\LatestSearches\LatestSearches.js">
        <metrics statements="3" coveredstatements="3" conditionals="0" coveredconditionals="0" methods="3" coveredmethods="3"/>
        <line num="4" count="2" type="stmt"/>
        <line num="5" count="7" type="stmt"/>
        <line num="10" count="6" type="stmt"/>
      </file>
    </package>
    <package name="src.components.MovieDetails">
      <metrics statements="2" coveredstatements="2" conditionals="0" coveredconditionals="0" methods="1" coveredmethods="1"/>
      <file name="MovieDetails.js" path="C:\Users\ivano\Documents\GitHub\dist\Tech_Task_MovieSearchApp\movie_search_app_react\src\components\MovieDetails\MovieDetails.js">
        <metrics statements="2" coveredstatements="2" conditionals="0" coveredconditionals="0" methods="1" coveredmethods="1"/>
        <line num="4" count="2" type="stmt"/>
        <line num="5" count="2" type="stmt"/>
      </file>
    </package>
    <package name="src.components.MovieList">
      <metrics statements="5" coveredstatements="5" conditionals="3" coveredconditionals="2" methods="3" coveredmethods="3"/>
      <file name="MovieList.js" path="C:\Users\ivano\Documents\GitHub\dist\Tech_Task_MovieSearchApp\movie_search_app_react\src\components\MovieList\MovieList.js">
        <metrics statements="5" coveredstatements="5" conditionals="3" coveredconditionals="2" methods="3" coveredmethods="3"/>
        <line num="4" count="2" type="cond" truecount="0" falsecount="1"/>
        <line num="5" count="7" type="cond" truecount="2" falsecount="0"/>
        <line num="6" count="5" type="stmt"/>
        <line num="9" count="2" type="stmt"/>
        <line num="12" count="3" type="stmt"/>
      </file>
    </package>
    <package name="src.components.SearchBar">
      <metrics statements="11" coveredstatements="11" conditionals="4" coveredconditionals="3" methods="4" coveredmethods="4"/>
      <file name="SearchBar.js" path="C:\Users\ivano\Documents\GitHub\dist\Tech_Task_MovieSearchApp\movie_search_app_react\src\components\SearchBar\SearchBar.js">
        <metrics statements="11" coveredstatements="11" conditionals="4" coveredconditionals="3" methods="4" coveredmethods="4"/>
        <line num="4" count="2" type="stmt"/>
        <line num="5" count="13" type="stmt"/>
        <line num="7" count="13" type="stmt"/>
        <line num="8" count="5" type="stmt"/>
        <line num="11" count="13" type="stmt"/>
        <line num="12" count="4" type="cond" truecount="2" falsecount="0"/>
        <line num="13" count="3" type="stmt"/>
        <line num="17" count="13" type="stmt"/>
        <line num="18" count="1" type="cond" truecount="1" falsecount="1"/>
        <line num="19" count="1" type="stmt"/>
        <line num="23" count="13" type="stmt"/>
      </file>
    </package>
  </project>
</coverage>
